==============================================================================
20170109 21:28:56.664 - INFO - + START SUITE: Acceptancetest [ ]
==============================================================================
20170109 21:28:56.787 - INFO - +- START SUITE: Acceptancetest.HelloWorldTests [ ]
==============================================================================
20170109 21:28:56.815 - INFO - +-- START TEST: Say Hello [ ]
------------------------------------------------------------------------------
20170109 21:28:56.834 - INFO - +--- START KW: keywords.CustomKeywords.Greet Everyone [ ]
20170109 21:28:56.854 - INFO - +--- END KW: keywords.CustomKeywords.Greet Everyone (17)
------------------------------------------------------------------------------
20170109 21:28:56.865 - INFO - +-- END TEST: Say Hello (52)
------------------------------------------------------------------------------
20170109 21:28:56.880 - INFO - +-- START TEST: Say Hello In Pig Latin [ ]
------------------------------------------------------------------------------
20170109 21:28:56.918 - INFO - +--- START KW: keywords.CustomKeywords.Reverse Greet Everyone [ ]
20170109 21:28:56.927 - INFO - +--- END KW: keywords.CustomKeywords.Reverse Greet Everyone (5)
------------------------------------------------------------------------------
20170109 21:28:56.947 - INFO - +-- END TEST: Say Hello In Pig Latin (63)
------------------------------------------------------------------------------
20170109 21:28:56.967 - INFO - +-- START TEST: Make Sure You're Saying Hello [ ]
------------------------------------------------------------------------------
20170109 21:28:56.979 - INFO - +--- START KW: keywords.CustomKeywords.Greet Everyone [ ]
20170109 21:28:56.986 - INFO - ${result} = hello world
20170109 21:28:56.990 - INFO - +--- END KW: keywords.CustomKeywords.Greet Everyone (10)
~~~~~~~~~~~~~~~~~~~~~~~~~~~~~~~~~~~~~~~~~~~~~~~~~~~~~~~~~~~~~~~~~~~~~~~~~~~~~~
20170109 21:28:56.994 - INFO - +--- START KW: BuiltIn.Should Be Equal [ ${result} | hello world ]
20170109 21:28:57.007 - INFO - +--- END KW: BuiltIn.Should Be Equal (10)
------------------------------------------------------------------------------
20170109 21:28:57.023 - INFO - +-- END TEST: Make Sure You're Saying Hello (51)
------------------------------------------------------------------------------
20170109 21:28:57.036 - INFO - +-- START TEST: Make A Test That Fails [ ]
------------------------------------------------------------------------------
20170109 21:28:57.066 - INFO - +--- START KW: keywords.CustomKeywords.Reverse Greet Everyone [ ]
20170109 21:28:57.073 - INFO - ${result} = dlrow olleh
20170109 21:28:57.078 - INFO - +--- END KW: keywords.CustomKeywords.Reverse Greet Everyone (11)
~~~~~~~~~~~~~~~~~~~~~~~~~~~~~~~~~~~~~~~~~~~~~~~~~~~~~~~~~~~~~~~~~~~~~~~~~~~~~~
20170109 21:28:57.094 - INFO - +--- START KW: BuiltIn.Should Be Equal [ ${result} | hello world ]
20170109 21:28:57.116 - FAIL - dlrow olleh != hello world
20170109 21:28:57.118 - DEBUG - Traceback (most recent call last):
  None
20170109 21:28:57.123 - INFO - +--- END KW: BuiltIn.Should Be Equal (37)
------------------------------------------------------------------------------
20170109 21:28:57.146 - INFO - +-- END TEST: Make A Test That Fails (110)
------------------------------------------------------------------------------
20170109 21:28:57.258 - INFO - +- END SUITE: Acceptancetest.HelloWorldTests (498)
==============================================================================
20170109 21:28:57.358 - INFO - + END SUITE: Acceptancetest (1564)
==============================================================================
